<?xml version="1.0" encoding="UTF-8"?>
<!-- Generated by org.testng.reporters.JUnitReportReporter -->
<testsuite hostname="Marys-MacBook-Pro.local" name="amazon.AmazonTest" tests="1" failures="0" timestamp="20 Apr 2016 15:52:58 GMT" time="17.449" errors="0">
  <testcase name="signInTest" time="17.449" classname="amazon.AmazonTest"/>
</testsuite> <!-- amazon.AmazonTest -->
